[2022-08-23 14:19:33,117] multiqc                                            [DEBUG  ]  This is MultiQC v1.13.dev0
[2022-08-23 14:19:33,127] multiqc                                            [DEBUG  ]  Loading config settings from: 4Sim_1k96/multiqc_config.yaml
[2022-08-23 14:19:33,127] multiqc                                            [DEBUG  ]  New config: {'custom_data': {'odgi_viz': {'section_name': 'ODGI 1D visualization', 'description': 'This image shows a 1D rendering of the built pangenome graph. The graph nodes are arranged from left to right, forming the pangenome sequence. The colored bars represent the paths versus the pangenome sequence in a binary matrix. The path names are placed on the left. The black lines under the paths are the links, which represent the graph topology.'}, 'odgi_viz_pos': {'section_name': 'ODGI 1D visualization by path position', 'description': 'This shows a 1D rendering of the built pangenome graph where the paths are colored according to their nucleotide position. Light grey means a low path position, black is the highest path position.'}, 'odgi_viz_inv': {'section_name': 'ODGI 1D visualization by path orientation', 'description': 'This image shows a 1D rendering of the built pangenome graph where the paths are colored by orientation. Forward is black, reverse is red.'}, 'odgi_viz_depth': {'section_name': 'ODGI 1D visualization by node depth', 'description': 'This shows a 1D rendering of the built pangenome graph where the paths are colored according to path depth. Using the Spectra color palette with 4 levels of path depths, white indicates no depth, while grey, red, and yellow indicate depth 1, 2, and greater than or equal to 3, respectively.'}, 'odgi_draw': {'section_name': 'ODGI 2D drawing', 'description': 'This image shows a 2D rendering of the built pangenome graph.'}}, 'ignore_images': False, 'module_order': ['odgi', 'custom_content'], 'custom_content': {'order': ['odgi_viz', 'odgi_viz_pos', 'odgi_viz_inv', 'odgi_viz_depth', 'odgi_draw']}, 'fn_clean_exts': ['.gfa']}
[2022-08-23 14:19:33,127] multiqc                                            [DEBUG  ]  Added to filename patterns: [{'odgi_draw': {'fn': '*draw_multiqc.png'}, 'odgi_viz': {'fn': '*viz_multiqc.png'}, 'odgi_viz_pos': {'fn': '*viz_pos_multiqc.png'}, 'odgi_viz_inv': {'fn': '*viz_inv_multiqc.png'}, 'odgi_viz_depth': {'fn': '*viz_depth_multiqc.png'}, 'testing_name': {'fn': '*draw.png'}}]
[2022-08-23 14:19:33,127] multiqc                                            [DEBUG  ]  Command used: /opt/conda/envs/pggb_0.4.0_singularity/bin/multiqc 4Sim_1k96 -s -o 4Sim_1k96 -c 4Sim_1k96/multiqc_config.yaml
[2022-08-23 14:19:34,775] multiqc                                            [DEBUG  ]  Latest MultiQC version is v1.12
[2022-08-23 14:19:34,775] multiqc                                            [INFO   ]  Not cleaning sample names
[2022-08-23 14:19:34,775] multiqc                                            [DEBUG  ]  Working dir : /NGS/active/IPL/MENINGO/analysis/graph_genome/pipeline
[2022-08-23 14:19:34,775] multiqc                                            [DEBUG  ]  Template    : default
[2022-08-23 14:19:34,776] multiqc                                            [DEBUG  ]  Running Python 3.9.13 | packaged by conda-forge | (main, May 27 2022, 16:56:21)  [GCC 10.3.0]
[2022-08-23 14:19:34,776] multiqc                                            [DEBUG  ]  Analysing modules: adapterRemoval, afterqc, bamtools, bbmap, bcftools, bcl2fastq, bclconvert, biobambam2, biobloomtools, biscuit, bismark, bowtie1, bowtie2, busco, bustools, ccs, checkqc, clipandmerge, clusterflow, conpair, cutadapt, damageprofiler, dedup, deeptools, disambiguate, dragen, eigenstratdatabasetools, fastp, fastq_screen, fastqc, featureCounts, fgbio, flash, flexbar, gatk, gffcompare, goleft_indexcov, happy, hicexplorer, hicpro, hicup, hisat2, homer, hops, htseq, interop, ivar, jcvi, jellyfish, kaiju, kallisto, kat, kraken, leehom, lima, longranger, macs2, malt, methylQA, minionqc, mirtop, mirtrace, mosdepth, mtnucratio, multivcfanalyzer, nanostat, ngsderive, optitype, pangolin, pbmarkdup, peddy, phantompeakqualtools, picard, preseq, prokka, purple, pychopper, pycoqc, qc3C, qorts, qualimap, quast, rna_seqc, rockhopper, rsem, rseqc, salmon, sambamba, samblaster, samtools, sargasso, sentieon, seqyclean, sexdeterrmine, sickle, skewer, slamdunk, snippy, snpeff, snpsplit, somalier, sortmerna, stacks, star, supernova, theta2, tophat, trimmomatic, varscan2, vcftools, vep, verifybamid, whatshap, odgi, custom_content
[2022-08-23 14:19:34,776] multiqc                                            [DEBUG  ]  Using temporary directory for creating report: /tmp/tmps1kpuryf
[2022-08-23 14:19:35,021] multiqc                                            [INFO   ]  Search path : /NGS/active/IPL/MENINGO/analysis/graph_genome/pipeline/4Sim_1k96
[2022-08-23 14:19:35,026] multiqc                                            [DEBUG  ]  Ignored 1 search patterns as didn't match running modules.
[2022-08-23 14:19:45,010] multiqc                                            [DEBUG  ]  Summary of files that were skipped by the search: [skipped_file_contents_search_errors: 768] // [skipped_module_specific_max_filesize: 154] // [skipped_no_match: 16]
[2022-08-23 14:19:46,611] multiqc.plots.bargraph                             [DEBUG  ]  Using matplotlib version 3.5.2
[2022-08-23 14:19:46,630] multiqc.modules.odgi.odgi                          [INFO   ]  Found 2 reports
[2022-08-23 14:19:46,649] multiqc                                            [INFO   ]  Compressing plot data
[2022-08-23 14:19:46,654] multiqc                                            [INFO   ]  Report      : 4Sim_1k96/multiqc_report.html
[2022-08-23 14:19:46,654] multiqc                                            [INFO   ]  Data        : 4Sim_1k96/multiqc_data
[2022-08-23 14:19:46,654] multiqc                                            [DEBUG  ]  Moving data file from '/tmp/tmps1kpuryf/multiqc_data' to '4Sim_1k96/multiqc_data'
[2022-08-23 14:19:46,781] multiqc                                            [INFO   ]  MultiQC complete
